<?xml version="1.0" encoding="UTF-8"?>
<!-- Generated by org.testng.reporters.JUnitReportReporter -->
<testsuite hostname="DESKTOP-N5NH2K3" failures="0" tests="1" name="testCases.LoginTest" time="14.903" errors="0" timestamp="2024-01-27T21:23:21 IST" skipped="0">
  <testcase classname="testCases.LoginTest" name="validLogin" time="14.903"/>
  <system-out>
    <![CDATA[LOG:INFO- Running Before Class - Setting Up Browser 
LOG:INFO- Browser and Application Up and Running 
LOG:INFO- Running After Class - Closing Browser
LOG:INFO- Browser Closed
LOG:INFO- Running After Class - Closing Browser
LOG:INFO- Browser Closed]]>
  </system-out>
</testsuite> <!-- testCases.LoginTest -->
